# JRE version: Java(TM) SE Runtime Environment (8.0_102-b14) (build 1.8.0_102-b14)
# Java VM: Java HotSpot(TM) 64-Bit Server VM (25.102-b14 mixed mode linux-amd64 compressed oops)
Heap:
 PSYoungGen      total 267776K, used 15882K [0x00000000eab00000, 0x0000000100000000, 0x0000000100000000)
  eden space 207872K, 0% used [0x00000000eab00000,0x00000000eab00000,0x00000000f7600000)
  from space 59904K, 26% used [0x00000000fc580000,0x00000000fd502888,0x0000000100000000)
  to   space 70656K, 0% used [0x00000000f7600000,0x00000000f7600000,0x00000000fbb00000)
 ParOldGen       total 246272K, used 245894K [0x00000000c0000000, 0x00000000cf080000, 0x00000000eab00000)
  object space 246272K, 99% used [0x00000000c0000000,0x00000000cf0218d0,0x00000000cf080000)
 Metaspace       used 6203K, capacity 7216K, committed 7296K, reserved 1056768K
  class space    used 580K, capacity 616K, committed 640K, reserved 1048576K
GC Heap History (10 events):
Event: 174.939 GC heap after
Heap after GC invocations=12 (full 1):
 PSYoungGen      total 289792K, used 32484K [0x00000000eab00000, 0x0000000100000000, 0x0000000100000000)
  eden space 230400K, 0% used [0x00000000eab00000,0x00000000eab00000,0x00000000f8c00000)
  from space 59392K, 54% used [0x00000000f8c00000,0x00000000fabb9048,0x00000000fc600000)
  to   space 58880K, 0% used [0x00000000fc680000,0x00000000fc680000,0x0000000100000000)
 ParOldGen       total 148480K, used 148431K [0x00000000c0000000, 0x00000000c9100000, 0x00000000eab00000)
  object space 148480K, 99% used [0x00000000c0000000,0x00000000c90f3ec8,0x00000000c9100000)
 Metaspace       used 6169K, capacity 7216K, committed 7296K, reserved 1056768K
  class space    used 579K, capacity 616K, committed 640K, reserved 1048576K
}
Event: 174.939 GC heap before
{Heap before GC invocations=13 (full 2):
 PSYoungGen      total 289792K, used 32484K [0x00000000eab00000, 0x0000000100000000, 0x0000000100000000)
  eden space 230400K, 0% used [0x00000000eab00000,0x00000000eab00000,0x00000000f8c00000)
  from space 59392K, 54% used [0x00000000f8c00000,0x00000000fabb9048,0x00000000fc600000)
  to   space 58880K, 0% used [0x00000000fc680000,0x00000000fc680000,0x0000000100000000)
 ParOldGen       total 148480K, used 148431K [0x00000000c0000000, 0x00000000c9100000, 0x00000000eab00000)
  object space 148480K, 99% used [0x00000000c0000000,0x00000000c90f3ec8,0x00000000c9100000)
 Metaspace       used 6169K, capacity 7216K, committed 7296K, reserved 1056768K
  class space    used 579K, capacity 616K, committed 640K, reserved 1048576K
Event: 176.966 GC heap after
Heap after GC invocations=13 (full 2):
 PSYoungGen      total 289792K, used 28153K [0x00000000eab00000, 0x0000000100000000, 0x0000000100000000)
  eden space 230400K, 0% used [0x00000000eab00000,0x00000000eab00000,0x00000000f8c00000)
  from space 59392K, 47% used [0x00000000f8c00000,0x00000000fa77e6c8,0x00000000fc600000)
  to   space 58880K, 0% used [0x00000000fc680000,0x00000000fc680000,0x0000000100000000)
 ParOldGen       total 246272K, used 147995K [0x00000000c0000000, 0x00000000cf080000, 0x00000000eab00000)
  object space 246272K, 60% used [0x00000000c0000000,0x00000000c9086d88,0x00000000cf080000)
 Metaspace       used 6169K, capacity 7216K, committed 7296K, reserved 1056768K
  class space    used 579K, capacity 616K, committed 640K, reserved 1048576K
}
Event: 178.666 GC heap before
{Heap before GC invocations=14 (full 2):
 PSYoungGen      total 289792K, used 258553K [0x00000000eab00000, 0x0000000100000000, 0x0000000100000000)
  eden space 230400K, 100% used [0x00000000eab00000,0x00000000f8c00000,0x00000000f8c00000)
  from space 59392K, 47% used [0x00000000f8c00000,0x00000000fa77e6c8,0x00000000fc600000)
  to   space 58880K, 0% used [0x00000000fc680000,0x00000000fc680000,0x0000000100000000)
 ParOldGen       total 246272K, used 147995K [0x00000000c0000000, 0x00000000cf080000, 0x00000000eab00000)
  object space 246272K, 60% used [0x00000000c0000000,0x00000000c9086d88,0x00000000cf080000)
 Metaspace       used 6175K, capacity 7216K, committed 7296K, reserved 1056768K
  class space    used 580K, capacity 616K, committed 640K, reserved 1048576K
Event: 178.951 GC heap after
Heap after GC invocations=14 (full 2):
 PSYoungGen      total 288256K, used 37955K [0x00000000eab00000, 0x0000000100000000, 0x0000000100000000)
  eden space 229376K, 0% used [0x00000000eab00000,0x00000000eab00000,0x00000000f8b00000)
  from space 58880K, 64% used [0x00000000fc680000,0x00000000feb90c98,0x0000000100000000)
  to   space 59904K, 0% used [0x00000000f8b00000,0x00000000f8b00000,0x00000000fc580000)
 ParOldGen       total 246272K, used 175060K [0x00000000c0000000, 0x00000000cf080000, 0x00000000eab00000)
  object space 246272K, 71% used [0x00000000c0000000,0x00000000caaf5020,0x00000000cf080000)
 Metaspace       used 6175K, capacity 7216K, committed 7296K, reserved 1056768K
  class space    used 580K, capacity 616K, committed 640K, reserved 1048576K
}
Event: 180.989 GC heap before
{Heap before GC invocations=15 (full 2):
 PSYoungGen      total 288256K, used 267331K [0x00000000eab00000, 0x0000000100000000, 0x0000000100000000)
  eden space 229376K, 100% used [0x00000000eab00000,0x00000000f8b00000,0x00000000f8b00000)
  from space 58880K, 64% used [0x00000000fc680000,0x00000000feb90c98,0x0000000100000000)
  to   space 59904K, 0% used [0x00000000f8b00000,0x00000000f8b00000,0x00000000fc580000)
 ParOldGen       total 246272K, used 175060K [0x00000000c0000000, 0x00000000cf080000, 0x00000000eab00000)
  object space 246272K, 71% used [0x00000000c0000000,0x00000000caaf5020,0x00000000cf080000)
 Metaspace       used 6192K, capacity 7216K, committed 7296K, reserved 1056768K
  class space    used 580K, capacity 616K, committed 640K, reserved 1048576K
Event: 181.200 GC heap after
Heap after GC invocations=15 (full 2):
 PSYoungGen      total 289280K, used 59881K [0x00000000eab00000, 0x0000000100000000, 0x0000000100000000)
  eden space 229376K, 0% used [0x00000000eab00000,0x00000000eab00000,0x00000000f8b00000)
  from space 59904K, 99% used [0x00000000f8b00000,0x00000000fc57a680,0x00000000fc580000)
  to   space 59904K, 0% used [0x00000000fc580000,0x00000000fc580000,0x0000000100000000)
 ParOldGen       total 246272K, used 185929K [0x00000000c0000000, 0x00000000cf080000, 0x00000000eab00000)
  object space 246272K, 75% used [0x00000000c0000000,0x00000000cb592628,0x00000000cf080000)
 Metaspace       used 6192K, capacity 7216K, committed 7296K, reserved 1056768K
  class space    used 580K, capacity 616K, committed 640K, reserved 1048576K
}
Event: 183.424 GC heap before
{Heap before GC invocations=16 (full 2):
 PSYoungGen      total 289280K, used 289257K [0x00000000eab00000, 0x0000000100000000, 0x0000000100000000)
  eden space 229376K, 100% used [0x00000000eab00000,0x00000000f8b00000,0x00000000f8b00000)
  from space 59904K, 99% used [0x00000000f8b00000,0x00000000fc57a680,0x00000000fc580000)
  to   space 59904K, 0% used [0x00000000fc580000,0x00000000fc580000,0x0000000100000000)
 ParOldGen       total 246272K, used 185929K [0x00000000c0000000, 0x00000000cf080000, 0x00000000eab00000)
  object space 246272K, 75% used [0x00000000c0000000,0x00000000cb592628,0x00000000cf080000)
 Metaspace       used 6203K, capacity 7216K, committed 7296K, reserved 1056768K
  class space    used 580K, capacity 616K, committed 640K, reserved 1048576K
Event: 183.734 GC heap after
Heap after GC invocations=16 (full 2):
 PSYoungGen      total 267776K, used 19102K [0x00000000eab00000, 0x0000000100000000, 0x0000000100000000)
  eden space 207872K, 0% used [0x00000000eab00000,0x00000000eab00000,0x00000000f7600000)
  from space 59904K, 31% used [0x00000000fc580000,0x00000000fd827ba0,0x0000000100000000)
  to   space 70656K, 0% used [0x00000000f7600000,0x00000000f7600000,0x00000000fbb00000)
 ParOldGen       total 246272K, used 246052K [0x00000000c0000000, 0x00000000cf080000, 0x00000000eab00000)
  object space 246272K, 99% used [0x00000000c0000000,0x00000000cf049018,0x00000000cf080000)
 Metaspace       used 6203K, capacity 7216K, committed 7296K, reserved 1056768K
  class space    used 580K, capacity 616K, committed 640K, reserved 1048576K
}
Event: 183.739 GC heap before
{Heap before GC invocations=17 (full 3):
 PSYoungGen      total 267776K, used 19102K [0x00000000eab00000, 0x0000000100000000, 0x0000000100000000)
  eden space 207872K, 0% used [0x00000000eab00000,0x00000000eab00000,0x00000000f7600000)
  from space 59904K, 31% used [0x00000000fc580000,0x00000000fd827ba0,0x0000000100000000)
  to   space 70656K, 0% used [0x00000000f7600000,0x00000000f7600000,0x00000000fbb00000)
 ParOldGen       total 246272K, used 246052K [0x00000000c0000000, 0x00000000cf080000, 0x00000000eab00000)
  object space 246272K, 99% used [0x00000000c0000000,0x00000000cf049018,0x00000000cf080000)
 Metaspace       used 6203K, capacity 7216K, committed 7296K, reserved 1056768K
  class space    used 580K, capacity 616K, committed 640K, reserved 1048576K

