# JRE version: Java(TM) SE Runtime Environment (8.0_102-b14) (build 1.8.0_102-b14)
# Java VM: Java HotSpot(TM) 64-Bit Server VM (25.102-b14 mixed mode linux-amd64 compressed oops)
Heap:
 PSYoungGen      total 232960K, used 39061K [0x00000000eab00000, 0x0000000100000000, 0x0000000100000000)
  eden space 143360K, 0% used [0x00000000eab00000,0x00000000eab00000,0x00000000f3700000)
  from space 89600K, 43% used [0x00000000fa880000,0x00000000fcea55c0,0x0000000100000000)
  to   space 102912K, 0% used [0x00000000f3700000,0x00000000f3700000,0x00000000f9b80000)
 ParOldGen       total 283136K, used 282940K [0x00000000c0000000, 0x00000000d1480000, 0x00000000eab00000)
  object space 283136K, 99% used [0x00000000c0000000,0x00000000d144f000,0x00000000d1480000)
 Metaspace       used 6214K, capacity 7280K, committed 7552K, reserved 1056768K
  class space    used 581K, capacity 616K, committed 640K, reserved 1048576K
GC Heap History (10 events):
Event: 40.126 GC heap after
Heap after GC invocations=14 (full 2):
 PSYoungGen      total 276480K, used 51457K [0x00000000eab00000, 0x0000000100000000, 0x0000000100000000)
  eden space 216064K, 0% used [0x00000000eab00000,0x00000000eab00000,0x00000000f7e00000)
  from space 60416K, 85% used [0x00000000fc500000,0x00000000ff7406d8,0x0000000100000000)
  to   space 66560K, 0% used [0x00000000f7e00000,0x00000000f7e00000,0x00000000fbf00000)
 ParOldGen       total 283136K, used 157467K [0x00000000c0000000, 0x00000000d1480000, 0x00000000eab00000)
  object space 283136K, 55% used [0x00000000c0000000,0x00000000c99c6e70,0x00000000d1480000)
 Metaspace       used 6191K, capacity 7216K, committed 7296K, reserved 1056768K
  class space    used 579K, capacity 616K, committed 640K, reserved 1048576K
}
Event: 44.615 GC heap before
{Heap before GC invocations=15 (full 2):
 PSYoungGen      total 276480K, used 267521K [0x00000000eab00000, 0x0000000100000000, 0x0000000100000000)
  eden space 216064K, 100% used [0x00000000eab00000,0x00000000f7e00000,0x00000000f7e00000)
  from space 60416K, 85% used [0x00000000fc500000,0x00000000ff7406d8,0x0000000100000000)
  to   space 66560K, 0% used [0x00000000f7e00000,0x00000000f7e00000,0x00000000fbf00000)
 ParOldGen       total 283136K, used 157467K [0x00000000c0000000, 0x00000000d1480000, 0x00000000eab00000)
  object space 283136K, 55% used [0x00000000c0000000,0x00000000c99c6e70,0x00000000d1480000)
 Metaspace       used 6192K, capacity 7216K, committed 7296K, reserved 1056768K
  class space    used 579K, capacity 616K, committed 640K, reserved 1048576K
Event: 45.200 GC heap after
Heap after GC invocations=15 (full 2):
 PSYoungGen      total 282624K, used 66528K [0x00000000eab00000, 0x0000000100000000, 0x0000000100000000)
  eden space 216064K, 0% used [0x00000000eab00000,0x00000000eab00000,0x00000000f7e00000)
  from space 66560K, 99% used [0x00000000f7e00000,0x00000000fbef81d8,0x00000000fbf00000)
  to   space 66560K, 0% used [0x00000000fbf00000,0x00000000fbf00000,0x0000000100000000)
 ParOldGen       total 283136K, used 174519K [0x00000000c0000000, 0x00000000d1480000, 0x00000000eab00000)
  object space 283136K, 61% used [0x00000000c0000000,0x00000000caa6dee0,0x00000000d1480000)
 Metaspace       used 6192K, capacity 7216K, committed 7296K, reserved 1056768K
  class space    used 579K, capacity 616K, committed 640K, reserved 1048576K
}
Event: 93.711 GC heap before
{Heap before GC invocations=16 (full 2):
 PSYoungGen      total 282624K, used 282592K [0x00000000eab00000, 0x0000000100000000, 0x0000000100000000)
  eden space 216064K, 100% used [0x00000000eab00000,0x00000000f7e00000,0x00000000f7e00000)
  from space 66560K, 99% used [0x00000000f7e00000,0x00000000fbef81d8,0x00000000fbf00000)
  to   space 66560K, 0% used [0x00000000fbf00000,0x00000000fbf00000,0x0000000100000000)
 ParOldGen       total 283136K, used 174519K [0x00000000c0000000, 0x00000000d1480000, 0x00000000eab00000)
  object space 283136K, 61% used [0x00000000c0000000,0x00000000caa6dee0,0x00000000d1480000)
 Metaspace       used 6197K, capacity 7216K, committed 7296K, reserved 1056768K
  class space    used 580K, capacity 616K, committed 640K, reserved 1048576K
Event: 94.889 GC heap after
Heap after GC invocations=16 (full 2):
 PSYoungGen      total 236544K, used 65199K [0x00000000eab00000, 0x0000000100000000, 0x0000000100000000)
  eden space 169984K, 0% used [0x00000000eab00000,0x00000000eab00000,0x00000000f5100000)
  from space 66560K, 97% used [0x00000000fbf00000,0x00000000ffeabc48,0x0000000100000000)
  to   space 89600K, 0% used [0x00000000f5100000,0x00000000f5100000,0x00000000fa880000)
 ParOldGen       total 283136K, used 209323K [0x00000000c0000000, 0x00000000d1480000, 0x00000000eab00000)
  object space 283136K, 73% used [0x00000000c0000000,0x00000000ccc6ad50,0x00000000d1480000)
 Metaspace       used 6197K, capacity 7216K, committed 7296K, reserved 1056768K
  class space    used 580K, capacity 616K, committed 640K, reserved 1048576K
}
Event: 98.584 GC heap before
{Heap before GC invocations=17 (full 2):
 PSYoungGen      total 236544K, used 235183K [0x00000000eab00000, 0x0000000100000000, 0x0000000100000000)
  eden space 169984K, 100% used [0x00000000eab00000,0x00000000f5100000,0x00000000f5100000)
  from space 66560K, 97% used [0x00000000fbf00000,0x00000000ffeabc48,0x0000000100000000)
  to   space 89600K, 0% used [0x00000000f5100000,0x00000000f5100000,0x00000000fa880000)
 ParOldGen       total 283136K, used 209323K [0x00000000c0000000, 0x00000000d1480000, 0x00000000eab00000)
  object space 283136K, 73% used [0x00000000c0000000,0x00000000ccc6ad50,0x00000000d1480000)
 Metaspace       used 6207K, capacity 7216K, committed 7296K, reserved 1056768K
  class space    used 581K, capacity 616K, committed 640K, reserved 1048576K
Event: 98.940 GC heap after
Heap after GC invocations=17 (full 2):
 PSYoungGen      total 259584K, used 89581K [0x00000000eab00000, 0x0000000100000000, 0x0000000100000000)
  eden space 169984K, 0% used [0x00000000eab00000,0x00000000eab00000,0x00000000f5100000)
  from space 89600K, 99% used [0x00000000f5100000,0x00000000fa87b4d0,0x00000000fa880000)
  to   space 89600K, 0% used [0x00000000fa880000,0x00000000fa880000,0x0000000100000000)
 ParOldGen       total 283136K, used 211001K [0x00000000c0000000, 0x00000000d1480000, 0x00000000eab00000)
  object space 283136K, 74% used [0x00000000c0000000,0x00000000cce0e528,0x00000000d1480000)
 Metaspace       used 6207K, capacity 7216K, committed 7296K, reserved 1056768K
  class space    used 581K, capacity 616K, committed 640K, reserved 1048576K
}
Event: 102.006 GC heap before
{Heap before GC invocations=18 (full 2):
 PSYoungGen      total 259584K, used 259565K [0x00000000eab00000, 0x0000000100000000, 0x0000000100000000)
  eden space 169984K, 100% used [0x00000000eab00000,0x00000000f5100000,0x00000000f5100000)
  from space 89600K, 99% used [0x00000000f5100000,0x00000000fa87b4d0,0x00000000fa880000)
  to   space 89600K, 0% used [0x00000000fa880000,0x00000000fa880000,0x0000000100000000)
 ParOldGen       total 283136K, used 211001K [0x00000000c0000000, 0x00000000d1480000, 0x00000000eab00000)
  object space 283136K, 74% used [0x00000000c0000000,0x00000000cce0e528,0x00000000d1480000)
 Metaspace       used 6214K, capacity 7280K, committed 7552K, reserved 1056768K
  class space    used 581K, capacity 616K, committed 640K, reserved 1048576K
Event: 102.729 GC heap after
Heap after GC invocations=18 (full 2):
 PSYoungGen      total 232960K, used 54097K [0x00000000eab00000, 0x0000000100000000, 0x0000000100000000)
  eden space 143360K, 0% used [0x00000000eab00000,0x00000000eab00000,0x00000000f3700000)
  from space 89600K, 60% used [0x00000000fa880000,0x00000000fdd54720,0x0000000100000000)
  to   space 102912K, 0% used [0x00000000f3700000,0x00000000f3700000,0x00000000f9b80000)
 ParOldGen       total 283136K, used 274781K [0x00000000c0000000, 0x00000000d1480000, 0x00000000eab00000)
  object space 283136K, 97% used [0x00000000c0000000,0x00000000d0c57400,0x00000000d1480000)
 Metaspace       used 6214K, capacity 7280K, committed 7552K, reserved 1056768K
  class space    used 581K, capacity 616K, committed 640K, reserved 1048576K
}
Event: 102.738 GC heap before
{Heap before GC invocations=19 (full 3):
 PSYoungGen      total 232960K, used 54097K [0x00000000eab00000, 0x0000000100000000, 0x0000000100000000)
  eden space 143360K, 0% used [0x00000000eab00000,0x00000000eab00000,0x00000000f3700000)
  from space 89600K, 60% used [0x00000000fa880000,0x00000000fdd54720,0x0000000100000000)
  to   space 102912K, 0% used [0x00000000f3700000,0x00000000f3700000,0x00000000f9b80000)
 ParOldGen       total 283136K, used 274781K [0x00000000c0000000, 0x00000000d1480000, 0x00000000eab00000)
  object space 283136K, 97% used [0x00000000c0000000,0x00000000d0c57400,0x00000000d1480000)
 Metaspace       used 6214K, capacity 7280K, committed 7552K, reserved 1056768K
  class space    used 581K, capacity 616K, committed 640K, reserved 1048576K

