# JRE version: Java(TM) SE Runtime Environment (8.0_102-b14) (build 1.8.0_102-b14)
# Java VM: Java HotSpot(TM) 64-Bit Server VM (25.102-b14 mixed mode linux-amd64 compressed oops)
Heap:
 PSYoungGen      total 232960K, used 0K [0x00000000eab00000, 0x0000000100000000, 0x0000000100000000)
  eden space 116736K, 0% used [0x00000000eab00000,0x00000000eab00000,0x00000000f1d00000)
  from space 116224K, 0% used [0x00000000f1d00000,0x00000000f1d00000,0x00000000f8e80000)
  to   space 116224K, 0% used [0x00000000f8e80000,0x00000000f8e80000,0x0000000100000000)
 ParOldGen       total 451072K, used 424037K [0x00000000c0000000, 0x00000000db880000, 0x00000000eab00000)
  object space 451072K, 94% used [0x00000000c0000000,0x00000000d9e19568,0x00000000db880000)
 Metaspace       used 6218K, capacity 7280K, committed 7552K, reserved 1056768K
  class space    used 581K, capacity 616K, committed 640K, reserved 1048576K
GC Heap History (10 events):
Event: 47.942 GC heap after
Heap after GC invocations=20 (full 3):
 PSYoungGen      total 232960K, used 38484K [0x00000000eab00000, 0x0000000100000000, 0x0000000100000000)
  eden space 116736K, 0% used [0x00000000eab00000,0x00000000eab00000,0x00000000f1d00000)
  from space 116224K, 33% used [0x00000000f1d00000,0x00000000f4295108,0x00000000f8e80000)
  to   space 116224K, 0% used [0x00000000f8e80000,0x00000000f8e80000,0x0000000100000000)
 ParOldGen       total 451072K, used 312746K [0x00000000c0000000, 0x00000000db880000, 0x00000000eab00000)
  object space 451072K, 69% used [0x00000000c0000000,0x00000000d316abc0,0x00000000db880000)
 Metaspace       used 6216K, capacity 7280K, committed 7552K, reserved 1056768K
  class space    used 581K, capacity 616K, committed 640K, reserved 1048576K
}
Event: 48.977 GC heap before
{Heap before GC invocations=21 (full 3):
 PSYoungGen      total 232960K, used 155220K [0x00000000eab00000, 0x0000000100000000, 0x0000000100000000)
  eden space 116736K, 100% used [0x00000000eab00000,0x00000000f1d00000,0x00000000f1d00000)
  from space 116224K, 33% used [0x00000000f1d00000,0x00000000f4295108,0x00000000f8e80000)
  to   space 116224K, 0% used [0x00000000f8e80000,0x00000000f8e80000,0x0000000100000000)
 ParOldGen       total 451072K, used 312746K [0x00000000c0000000, 0x00000000db880000, 0x00000000eab00000)
  object space 451072K, 69% used [0x00000000c0000000,0x00000000d316abc0,0x00000000db880000)
 Metaspace       used 6216K, capacity 7280K, committed 7552K, reserved 1056768K
  class space    used 581K, capacity 616K, committed 640K, reserved 1048576K
Event: 49.497 GC heap after
Heap after GC invocations=21 (full 3):
 PSYoungGen      total 232960K, used 36804K [0x00000000eab00000, 0x0000000100000000, 0x0000000100000000)
  eden space 116736K, 0% used [0x00000000eab00000,0x00000000eab00000,0x00000000f1d00000)
  from space 116224K, 31% used [0x00000000f8e80000,0x00000000fb2713f8,0x0000000100000000)
  to   space 116224K, 0% used [0x00000000f1d00000,0x00000000f1d00000,0x00000000f8e80000)
 ParOldGen       total 451072K, used 334320K [0x00000000c0000000, 0x00000000db880000, 0x00000000eab00000)
  object space 451072K, 74% used [0x00000000c0000000,0x00000000d467c0a8,0x00000000db880000)
 Metaspace       used 6216K, capacity 7280K, committed 7552K, reserved 1056768K
  class space    used 581K, capacity 616K, committed 640K, reserved 1048576K
}
Event: 50.695 GC heap before
{Heap before GC invocations=22 (full 3):
 PSYoungGen      total 232960K, used 153540K [0x00000000eab00000, 0x0000000100000000, 0x0000000100000000)
  eden space 116736K, 100% used [0x00000000eab00000,0x00000000f1d00000,0x00000000f1d00000)
  from space 116224K, 31% used [0x00000000f8e80000,0x00000000fb2713f8,0x0000000100000000)
  to   space 116224K, 0% used [0x00000000f1d00000,0x00000000f1d00000,0x00000000f8e80000)
 ParOldGen       total 451072K, used 334320K [0x00000000c0000000, 0x00000000db880000, 0x00000000eab00000)
  object space 451072K, 74% used [0x00000000c0000000,0x00000000d467c0a8,0x00000000db880000)
 Metaspace       used 6216K, capacity 7280K, committed 7552K, reserved 1056768K
  class space    used 581K, capacity 616K, committed 640K, reserved 1048576K
Event: 50.916 GC heap after
Heap after GC invocations=22 (full 3):
 PSYoungGen      total 232960K, used 19494K [0x00000000eab00000, 0x0000000100000000, 0x0000000100000000)
  eden space 116736K, 0% used [0x00000000eab00000,0x00000000eab00000,0x00000000f1d00000)
  from space 116224K, 16% used [0x00000000f1d00000,0x00000000f30099d0,0x00000000f8e80000)
  to   space 116224K, 0% used [0x00000000f8e80000,0x00000000f8e80000,0x0000000100000000)
 ParOldGen       total 451072K, used 370176K [0x00000000c0000000, 0x00000000db880000, 0x00000000eab00000)
  object space 451072K, 82% used [0x00000000c0000000,0x00000000d6980138,0x00000000db880000)
 Metaspace       used 6216K, capacity 7280K, committed 7552K, reserved 1056768K
  class space    used 581K, capacity 616K, committed 640K, reserved 1048576K
}
Event: 51.747 GC heap before
{Heap before GC invocations=23 (full 3):
 PSYoungGen      total 232960K, used 136230K [0x00000000eab00000, 0x0000000100000000, 0x0000000100000000)
  eden space 116736K, 100% used [0x00000000eab00000,0x00000000f1d00000,0x00000000f1d00000)
  from space 116224K, 16% used [0x00000000f1d00000,0x00000000f30099d0,0x00000000f8e80000)
  to   space 116224K, 0% used [0x00000000f8e80000,0x00000000f8e80000,0x0000000100000000)
 ParOldGen       total 451072K, used 370176K [0x00000000c0000000, 0x00000000db880000, 0x00000000eab00000)
  object space 451072K, 82% used [0x00000000c0000000,0x00000000d6980138,0x00000000db880000)
 Metaspace       used 6217K, capacity 7280K, committed 7552K, reserved 1056768K
  class space    used 581K, capacity 616K, committed 640K, reserved 1048576K
Event: 51.906 GC heap after
Heap after GC invocations=23 (full 3):
 PSYoungGen      total 232960K, used 18928K [0x00000000eab00000, 0x0000000100000000, 0x0000000100000000)
  eden space 116736K, 0% used [0x00000000eab00000,0x00000000eab00000,0x00000000f1d00000)
  from space 116224K, 16% used [0x00000000f8e80000,0x00000000fa0fc010,0x0000000100000000)
  to   space 116224K, 0% used [0x00000000f1d00000,0x00000000f1d00000,0x00000000f8e80000)
 ParOldGen       total 451072K, used 388951K [0x00000000c0000000, 0x00000000db880000, 0x00000000eab00000)
  object space 451072K, 86% used [0x00000000c0000000,0x00000000d7bd5ed0,0x00000000db880000)
 Metaspace       used 6217K, capacity 7280K, committed 7552K, reserved 1056768K
  class space    used 581K, capacity 616K, committed 640K, reserved 1048576K
}
Event: 52.963 GC heap before
{Heap before GC invocations=24 (full 3):
 PSYoungGen      total 232960K, used 135664K [0x00000000eab00000, 0x0000000100000000, 0x0000000100000000)
  eden space 116736K, 100% used [0x00000000eab00000,0x00000000f1d00000,0x00000000f1d00000)
  from space 116224K, 16% used [0x00000000f8e80000,0x00000000fa0fc010,0x0000000100000000)
  to   space 116224K, 0% used [0x00000000f1d00000,0x00000000f1d00000,0x00000000f8e80000)
 ParOldGen       total 451072K, used 388951K [0x00000000c0000000, 0x00000000db880000, 0x00000000eab00000)
  object space 451072K, 86% used [0x00000000c0000000,0x00000000d7bd5ed0,0x00000000db880000)
 Metaspace       used 6218K, capacity 7280K, committed 7552K, reserved 1056768K
  class space    used 581K, capacity 616K, committed 640K, reserved 1048576K
Event: 53.147 GC heap after
Heap after GC invocations=24 (full 3):
 PSYoungGen      total 232960K, used 18482K [0x00000000eab00000, 0x0000000100000000, 0x0000000100000000)
  eden space 116736K, 0% used [0x00000000eab00000,0x00000000eab00000,0x00000000f1d00000)
  from space 116224K, 15% used [0x00000000f1d00000,0x00000000f2f0c9e8,0x00000000f8e80000)
  to   space 116224K, 0% used [0x00000000f8e80000,0x00000000f8e80000,0x0000000100000000)
 ParOldGen       total 451072K, used 406976K [0x00000000c0000000, 0x00000000db880000, 0x00000000eab00000)
  object space 451072K, 90% used [0x00000000c0000000,0x00000000d8d70288,0x00000000db880000)
 Metaspace       used 6218K, capacity 7280K, committed 7552K, reserved 1056768K
  class space    used 581K, capacity 616K, committed 640K, reserved 1048576K
}
Event: 53.148 GC heap before
{Heap before GC invocations=25 (full 4):
 PSYoungGen      total 232960K, used 18482K [0x00000000eab00000, 0x0000000100000000, 0x0000000100000000)
  eden space 116736K, 0% used [0x00000000eab00000,0x00000000eab00000,0x00000000f1d00000)
  from space 116224K, 15% used [0x00000000f1d00000,0x00000000f2f0c9e8,0x00000000f8e80000)
  to   space 116224K, 0% used [0x00000000f8e80000,0x00000000f8e80000,0x0000000100000000)
 ParOldGen       total 451072K, used 406976K [0x00000000c0000000, 0x00000000db880000, 0x00000000eab00000)
  object space 451072K, 90% used [0x00000000c0000000,0x00000000d8d70288,0x00000000db880000)
 Metaspace       used 6218K, capacity 7280K, committed 7552K, reserved 1056768K
  class space    used 581K, capacity 616K, committed 640K, reserved 1048576K

