# JRE version: Java(TM) SE Runtime Environment (8.0_144-b01) (build 1.8.0_144-b01)
# Java VM: Java HotSpot(TM) 64-Bit Server VM (25.144-b01 mixed mode linux-amd64 compressed oops)
Heap:
 PSYoungGen      total 892928K, used 220155K [0x000000076ab00000, 0x00000007b5d00000, 0x00000007c0000000)
  eden space 672768K, 0% used [0x000000076ab00000,0x000000076ab00000,0x0000000793c00000)
  from space 220160K, 99% used [0x00000007a8600000,0x00000007b5cfedf8,0x00000007b5d00000)
  to   space 198656K, 0% used [0x0000000793c00000,0x0000000793c00000,0x000000079fe00000)
 ParOldGen       total 773120K, used 544458K [0x00000006c0000000, 0x00000006ef300000, 0x000000076ab00000)
  object space 773120K, 70% used [0x00000006c0000000,0x00000006e13b28e8,0x00000006ef300000)
 Metaspace       used 6863K, capacity 7384K, committed 7680K, reserved 1056768K
  class space    used 641K, capacity 656K, committed 768K, reserved 1048576K
GC Heap History (10 events):
Event: 18.252 GC heap after
Heap after GC invocations=15 (full 3):
 PSYoungGen      total 728064K, used 87968K [0x000000076ab00000, 0x00000007a0180000, 0x00000007c0000000)
  eden space 607744K, 0% used [0x000000076ab00000,0x000000076ab00000,0x000000078fc80000)
  from space 120320K, 73% used [0x0000000798c00000,0x000000079e1e8008,0x00000007a0180000)
  to   space 133632K, 0% used [0x000000078fc80000,0x000000078fc80000,0x0000000797f00000)
 ParOldGen       total 499712K, used 299034K [0x00000006c0000000, 0x00000006de800000, 0x000000076ab00000)
  object space 499712K, 59% used [0x00000006c0000000,0x00000006d2406b88,0x00000006de800000)
 Metaspace       used 6743K, capacity 7320K, committed 7680K, reserved 1056768K
  class space    used 634K, capacity 656K, committed 768K, reserved 1048576K
}
Event: 21.789 GC heap before
{Heap before GC invocations=16 (full 3):
 PSYoungGen      total 728064K, used 695712K [0x000000076ab00000, 0x00000007a0180000, 0x00000007c0000000)
  eden space 607744K, 100% used [0x000000076ab00000,0x000000078fc80000,0x000000078fc80000)
  from space 120320K, 73% used [0x0000000798c00000,0x000000079e1e8008,0x00000007a0180000)
  to   space 133632K, 0% used [0x000000078fc80000,0x000000078fc80000,0x0000000797f00000)
 ParOldGen       total 499712K, used 299034K [0x00000006c0000000, 0x00000006de800000, 0x000000076ab00000)
  object space 499712K, 59% used [0x00000006c0000000,0x00000006d2406b88,0x00000006de800000)
 Metaspace       used 6743K, capacity 7320K, committed 7680K, reserved 1056768K
  class space    used 634K, capacity 656K, committed 768K, reserved 1048576K
Event: 22.348 GC heap after
Heap after GC invocations=16 (full 3):
 PSYoungGen      total 741376K, used 133602K [0x000000076ab00000, 0x00000007aa900000, 0x00000007c0000000)
  eden space 607744K, 0% used [0x000000076ab00000,0x000000076ab00000,0x000000078fc80000)
  from space 133632K, 99% used [0x000000078fc80000,0x0000000797ef8890,0x0000000797f00000)
  to   space 175104K, 0% used [0x000000079fe00000,0x000000079fe00000,0x00000007aa900000)
 ParOldGen       total 499712K, used 349234K [0x00000006c0000000, 0x00000006de800000, 0x000000076ab00000)
  object space 499712K, 69% used [0x00000006c0000000,0x00000006d550c9d8,0x00000006de800000)
 Metaspace       used 6743K, capacity 7320K, committed 7680K, reserved 1056768K
  class space    used 634K, capacity 656K, committed 768K, reserved 1048576K
}
Event: 26.144 GC heap before
{Heap before GC invocations=17 (full 3):
 PSYoungGen      total 741376K, used 741346K [0x000000076ab00000, 0x00000007aa900000, 0x00000007c0000000)
  eden space 607744K, 100% used [0x000000076ab00000,0x000000078fc80000,0x000000078fc80000)
  from space 133632K, 99% used [0x000000078fc80000,0x0000000797ef8890,0x0000000797f00000)
  to   space 175104K, 0% used [0x000000079fe00000,0x000000079fe00000,0x00000007aa900000)
 ParOldGen       total 499712K, used 349234K [0x00000006c0000000, 0x00000006de800000, 0x000000076ab00000)
  object space 499712K, 69% used [0x00000006c0000000,0x00000006d550c9d8,0x00000006de800000)
 Metaspace       used 6747K, capacity 7320K, committed 7680K, reserved 1056768K
  class space    used 635K, capacity 656K, committed 768K, reserved 1048576K
Event: 27.714 GC heap after
Heap after GC invocations=17 (full 3):
 PSYoungGen      total 847872K, used 155805K [0x000000076ab00000, 0x00000007aee80000, 0x00000007c0000000)
  eden space 672768K, 0% used [0x000000076ab00000,0x000000076ab00000,0x0000000793c00000)
  from space 175104K, 88% used [0x000000079fe00000,0x00000007a96274f0,0x00000007aa900000)
  to   space 198656K, 0% used [0x0000000793c00000,0x0000000793c00000,0x000000079fe00000)
 ParOldGen       total 499712K, used 421559K [0x00000006c0000000, 0x00000006de800000, 0x000000076ab00000)
  object space 499712K, 84% used [0x00000006c0000000,0x00000006d9bade50,0x00000006de800000)
 Metaspace       used 6747K, capacity 7320K, committed 7680K, reserved 1056768K
  class space    used 635K, capacity 656K, committed 768K, reserved 1048576K
}
Event: 27.715 GC heap before
{Heap before GC invocations=18 (full 4):
 PSYoungGen      total 847872K, used 155805K [0x000000076ab00000, 0x00000007aee80000, 0x00000007c0000000)
  eden space 672768K, 0% used [0x000000076ab00000,0x000000076ab00000,0x0000000793c00000)
  from space 175104K, 88% used [0x000000079fe00000,0x00000007a96274f0,0x00000007aa900000)
  to   space 198656K, 0% used [0x0000000793c00000,0x0000000793c00000,0x000000079fe00000)
 ParOldGen       total 499712K, used 421559K [0x00000006c0000000, 0x00000006de800000, 0x000000076ab00000)
  object space 499712K, 84% used [0x00000006c0000000,0x00000006d9bade50,0x00000006de800000)
 Metaspace       used 6747K, capacity 7320K, committed 7680K, reserved 1056768K
  class space    used 635K, capacity 656K, committed 768K, reserved 1048576K
Event: 32.203 GC heap after
Heap after GC invocations=18 (full 4):
 PSYoungGen      total 847872K, used 70143K [0x000000076ab00000, 0x00000007aee80000, 0x00000007c0000000)
  eden space 672768K, 0% used [0x000000076ab00000,0x000000076ab00000,0x0000000793c00000)
  from space 175104K, 40% used [0x000000079fe00000,0x00000007a427fdd8,0x00000007aa900000)
  to   space 198656K, 0% used [0x0000000793c00000,0x0000000793c00000,0x000000079fe00000)
 ParOldGen       total 773120K, used 499348K [0x00000006c0000000, 0x00000006ef300000, 0x000000076ab00000)
  object space 773120K, 64% used [0x00000006c0000000,0x00000006de7a5110,0x00000006ef300000)
 Metaspace       used 6747K, capacity 7320K, committed 7680K, reserved 1056768K
  class space    used 635K, capacity 656K, committed 768K, reserved 1048576K
}
Event: 34.891 GC heap before
{Heap before GC invocations=19 (full 4):
 PSYoungGen      total 847872K, used 742911K [0x000000076ab00000, 0x00000007aee80000, 0x00000007c0000000)
  eden space 672768K, 100% used [0x000000076ab00000,0x0000000793c00000,0x0000000793c00000)
  from space 175104K, 40% used [0x000000079fe00000,0x00000007a427fdd8,0x00000007aa900000)
  to   space 198656K, 0% used [0x0000000793c00000,0x0000000793c00000,0x000000079fe00000)
 ParOldGen       total 773120K, used 499348K [0x00000006c0000000, 0x00000006ef300000, 0x000000076ab00000)
  object space 773120K, 64% used [0x00000006c0000000,0x00000006de7a5110,0x00000006ef300000)
 Metaspace       used 6754K, capacity 7320K, committed 7680K, reserved 1056768K
  class space    used 635K, capacity 656K, committed 768K, reserved 1048576K
Event: 35.447 GC heap after
Heap after GC invocations=19 (full 4):
 PSYoungGen      total 871424K, used 165315K [0x000000076ab00000, 0x00000007b5d00000, 0x00000007c0000000)
  eden space 672768K, 0% used [0x000000076ab00000,0x000000076ab00000,0x0000000793c00000)
  from space 198656K, 83% used [0x0000000793c00000,0x000000079dd70fc0,0x000000079fe00000)
  to   space 220160K, 0% used [0x00000007a8600000,0x00000007a8600000,0x00000007b5d00000)
 ParOldGen       total 773120K, used 499348K [0x00000006c0000000, 0x00000006ef300000, 0x000000076ab00000)
  object space 773120K, 64% used [0x00000006c0000000,0x00000006de7a5110,0x00000006ef300000)
 Metaspace       used 6754K, capacity 7320K, committed 7680K, reserved 1056768K
  class space    used 635K, capacity 656K, committed 768K, reserved 1048576K
}
Event: 39.496 GC heap before
{Heap before GC invocations=20 (full 4):
 PSYoungGen      total 871424K, used 838083K [0x000000076ab00000, 0x00000007b5d00000, 0x00000007c0000000)
  eden space 672768K, 100% used [0x000000076ab00000,0x0000000793c00000,0x0000000793c00000)
  from space 198656K, 83% used [0x0000000793c00000,0x000000079dd70fc0,0x000000079fe00000)
  to   space 220160K, 0% used [0x00000007a8600000,0x00000007a8600000,0x00000007b5d00000)
 ParOldGen       total 773120K, used 499348K [0x00000006c0000000, 0x00000006ef300000, 0x000000076ab00000)
  object space 773120K, 64% used [0x00000006c0000000,0x00000006de7a5110,0x00000006ef300000)
 Metaspace       used 6863K, capacity 7384K, committed 7680K, reserved 1056768K
  class space    used 641K, capacity 656K, committed 768K, reserved 1048576K

