# JRE version: Java(TM) SE Runtime Environment (8.0_144-b01) (build 1.8.0_144-b01)
# Java VM: Java HotSpot(TM) 64-Bit Server VM (25.144-b01 mixed mode linux-amd64 compressed oops)
Heap:
 PSYoungGen      total 860672K, used 72179K [0x000000076ab00000, 0x00000007ae780000, 0x00000007c0000000)
  eden space 687104K, 0% used [0x000000076ab00000,0x000000076ab00000,0x0000000794a00000)
  from space 173568K, 41% used [0x00000007a0980000,0x00000007a4ffcd10,0x00000007ab300000)
  to   space 196096K, 0% used [0x0000000794a00000,0x0000000794a00000,0x00000007a0980000)
 ParOldGen       total 487936K, used 487835K [0x00000006c0000000, 0x00000006ddc80000, 0x000000076ab00000)
  object space 487936K, 99% used [0x00000006c0000000,0x00000006ddc66e78,0x00000006ddc80000)
 Metaspace       used 6735K, capacity 7320K, committed 7680K, reserved 1056768K
  class space    used 634K, capacity 656K, committed 768K, reserved 1048576K
GC Heap History (10 events):
Event: 18.649 GC heap after
Heap after GC invocations=13 (full 2):
 PSYoungGen      total 665600K, used 65892K [0x000000076ab00000, 0x00000007a0f80000, 0x00000007c0000000)
  eden space 542208K, 0% used [0x000000076ab00000,0x000000076ab00000,0x000000078bc80000)
  from space 123392K, 53% used [0x000000078bc80000,0x000000078fcd9100,0x0000000793500000)
  to   space 123904K, 0% used [0x0000000799680000,0x0000000799680000,0x00000007a0f80000)
 ParOldGen       total 292864K, used 245996K [0x00000006c0000000, 0x00000006d1e00000, 0x000000076ab00000)
  object space 292864K, 83% used [0x00000006c0000000,0x00000006cf03b250,0x00000006d1e00000)
 Metaspace       used 6728K, capacity 7320K, committed 7680K, reserved 1056768K
  class space    used 633K, capacity 656K, committed 768K, reserved 1048576K
}
Event: 18.649 GC heap before
{Heap before GC invocations=14 (full 3):
 PSYoungGen      total 665600K, used 65892K [0x000000076ab00000, 0x00000007a0f80000, 0x00000007c0000000)
  eden space 542208K, 0% used [0x000000076ab00000,0x000000076ab00000,0x000000078bc80000)
  from space 123392K, 53% used [0x000000078bc80000,0x000000078fcd9100,0x0000000793500000)
  to   space 123904K, 0% used [0x0000000799680000,0x0000000799680000,0x00000007a0f80000)
 ParOldGen       total 292864K, used 245996K [0x00000006c0000000, 0x00000006d1e00000, 0x000000076ab00000)
  object space 292864K, 83% used [0x00000006c0000000,0x00000006cf03b250,0x00000006d1e00000)
 Metaspace       used 6728K, capacity 7320K, committed 7680K, reserved 1056768K
  class space    used 633K, capacity 656K, committed 768K, reserved 1048576K
Event: 21.174 GC heap after
Heap after GC invocations=14 (full 3):
 PSYoungGen      total 665600K, used 12925K [0x000000076ab00000, 0x00000007a0f80000, 0x00000007c0000000)
  eden space 542208K, 0% used [0x000000076ab00000,0x000000076ab00000,0x000000078bc80000)
  from space 123392K, 10% used [0x000000078bc80000,0x000000078c91f4b8,0x0000000793500000)
  to   space 123904K, 0% used [0x0000000799680000,0x0000000799680000,0x00000007a0f80000)
 ParOldGen       total 487936K, used 292812K [0x00000006c0000000, 0x00000006ddc80000, 0x000000076ab00000)
  object space 487936K, 60% used [0x00000006c0000000,0x00000006d1df3078,0x00000006ddc80000)
 Metaspace       used 6728K, capacity 7320K, committed 7680K, reserved 1056768K
  class space    used 633K, capacity 656K, committed 768K, reserved 1048576K
}
Event: 23.991 GC heap before
{Heap before GC invocations=15 (full 3):
 PSYoungGen      total 665600K, used 555133K [0x000000076ab00000, 0x00000007a0f80000, 0x00000007c0000000)
  eden space 542208K, 100% used [0x000000076ab00000,0x000000078bc80000,0x000000078bc80000)
  from space 123392K, 10% used [0x000000078bc80000,0x000000078c91f4b8,0x0000000793500000)
  to   space 123904K, 0% used [0x0000000799680000,0x0000000799680000,0x00000007a0f80000)
 ParOldGen       total 487936K, used 292812K [0x00000006c0000000, 0x00000006ddc80000, 0x000000076ab00000)
  object space 487936K, 60% used [0x00000006c0000000,0x00000006d1df3078,0x00000006ddc80000)
 Metaspace       used 6730K, capacity 7320K, committed 7680K, reserved 1056768K
  class space    used 633K, capacity 656K, committed 768K, reserved 1048576K
Event: 24.447 GC heap after
Heap after GC invocations=15 (full 3):
 PSYoungGen      total 734720K, used 89129K [0x000000076ab00000, 0x00000007a0900000, 0x00000007c0000000)
  eden space 617472K, 0% used [0x000000076ab00000,0x000000076ab00000,0x0000000790600000)
  from space 117248K, 76% used [0x0000000799680000,0x000000079ed8a638,0x00000007a0900000)
  to   space 132608K, 0% used [0x0000000790600000,0x0000000790600000,0x0000000798780000)
 ParOldGen       total 487936K, used 292812K [0x00000006c0000000, 0x00000006ddc80000, 0x000000076ab00000)
  object space 487936K, 60% used [0x00000006c0000000,0x00000006d1df3078,0x00000006ddc80000)
 Metaspace       used 6730K, capacity 7320K, committed 7680K, reserved 1056768K
  class space    used 633K, capacity 656K, committed 768K, reserved 1048576K
}
Event: 27.705 GC heap before
{Heap before GC invocations=16 (full 3):
 PSYoungGen      total 734720K, used 706601K [0x000000076ab00000, 0x00000007a0900000, 0x00000007c0000000)
  eden space 617472K, 100% used [0x000000076ab00000,0x0000000790600000,0x0000000790600000)
  from space 117248K, 76% used [0x0000000799680000,0x000000079ed8a638,0x00000007a0900000)
  to   space 132608K, 0% used [0x0000000790600000,0x0000000790600000,0x0000000798780000)
 ParOldGen       total 487936K, used 292812K [0x00000006c0000000, 0x00000006ddc80000, 0x000000076ab00000)
  object space 487936K, 60% used [0x00000006c0000000,0x00000006d1df3078,0x00000006ddc80000)
 Metaspace       used 6732K, capacity 7320K, committed 7680K, reserved 1056768K
  class space    used 634K, capacity 656K, committed 768K, reserved 1048576K
Event: 28.196 GC heap after
Heap after GC invocations=16 (full 3):
 PSYoungGen      total 750080K, used 132586K [0x000000076ab00000, 0x00000007ab300000, 0x00000007c0000000)
  eden space 617472K, 0% used [0x000000076ab00000,0x000000076ab00000,0x0000000790600000)
  from space 132608K, 99% used [0x0000000790600000,0x000000079877abf0,0x0000000798780000)
  to   space 173568K, 0% used [0x00000007a0980000,0x00000007a0980000,0x00000007ab300000)
 ParOldGen       total 487936K, used 341565K [0x00000006c0000000, 0x00000006ddc80000, 0x000000076ab00000)
  object space 487936K, 70% used [0x00000006c0000000,0x00000006d4d8f740,0x00000006ddc80000)
 Metaspace       used 6732K, capacity 7320K, committed 7680K, reserved 1056768K
  class space    used 634K, capacity 656K, committed 768K, reserved 1048576K
}
Event: 31.361 GC heap before
{Heap before GC invocations=17 (full 3):
 PSYoungGen      total 750080K, used 750058K [0x000000076ab00000, 0x00000007ab300000, 0x00000007c0000000)
  eden space 617472K, 100% used [0x000000076ab00000,0x0000000790600000,0x0000000790600000)
  from space 132608K, 99% used [0x0000000790600000,0x000000079877abf0,0x0000000798780000)
  to   space 173568K, 0% used [0x00000007a0980000,0x00000007a0980000,0x00000007ab300000)
 ParOldGen       total 487936K, used 341565K [0x00000006c0000000, 0x00000006ddc80000, 0x000000076ab00000)
  object space 487936K, 70% used [0x00000006c0000000,0x00000006d4d8f740,0x00000006ddc80000)
 Metaspace       used 6735K, capacity 7320K, committed 7680K, reserved 1056768K
  class space    used 634K, capacity 656K, committed 768K, reserved 1048576K
Event: 31.954 GC heap after
Heap after GC invocations=17 (full 3):
 PSYoungGen      total 860672K, used 153590K [0x000000076ab00000, 0x00000007ae780000, 0x00000007c0000000)
  eden space 687104K, 0% used [0x000000076ab00000,0x000000076ab00000,0x0000000794a00000)
  from space 173568K, 88% used [0x00000007a0980000,0x00000007a9f7dac8,0x00000007ab300000)
  to   space 196096K, 0% used [0x0000000794a00000,0x0000000794a00000,0x00000007a0980000)
 ParOldGen       total 487936K, used 413906K [0x00000006c0000000, 0x00000006ddc80000, 0x000000076ab00000)
  object space 487936K, 84% used [0x00000006c0000000,0x00000006d94349e8,0x00000006ddc80000)
 Metaspace       used 6735K, capacity 7320K, committed 7680K, reserved 1056768K
  class space    used 634K, capacity 656K, committed 768K, reserved 1048576K
}
Event: 31.954 GC heap before
{Heap before GC invocations=18 (full 4):
 PSYoungGen      total 860672K, used 153590K [0x000000076ab00000, 0x00000007ae780000, 0x00000007c0000000)
  eden space 687104K, 0% used [0x000000076ab00000,0x000000076ab00000,0x0000000794a00000)
  from space 173568K, 88% used [0x00000007a0980000,0x00000007a9f7dac8,0x00000007ab300000)
  to   space 196096K, 0% used [0x0000000794a00000,0x0000000794a00000,0x00000007a0980000)
 ParOldGen       total 487936K, used 413906K [0x00000006c0000000, 0x00000006ddc80000, 0x000000076ab00000)
  object space 487936K, 84% used [0x00000006c0000000,0x00000006d94349e8,0x00000006ddc80000)
 Metaspace       used 6735K, capacity 7320K, committed 7680K, reserved 1056768K
  class space    used 634K, capacity 656K, committed 768K, reserved 1048576K

