# JRE version: Java(TM) SE Runtime Environment (8.0_144-b01) (build 1.8.0_144-b01)
# Java VM: Java HotSpot(TM) 64-Bit Server VM (25.144-b01 mixed mode linux-amd64 compressed oops)
Heap:
 PSYoungGen      total 815616K, used 0K [0x000000076ab00000, 0x00000007b8d00000, 0x00000007c0000000)
  eden space 615424K, 0% used [0x000000076ab00000,0x000000076ab00000,0x0000000790400000)
  from space 200192K, 0% used [0x0000000790400000,0x0000000790400000,0x000000079c780000)
  to   space 244224K, 23% used [0x00000007a9e80000,0x00000007ad7a4010,0x00000007b8d00000)
 ParOldGen       total 676352K, used 675940K [0x00000006c0000000, 0x00000006e9480000, 0x000000076ab00000)
  object space 676352K, 99% used [0x00000006c0000000,0x00000006e9419008,0x00000006e9480000)
 Metaspace       used 6875K, capacity 7448K, committed 7680K, reserved 1056768K
  class space    used 640K, capacity 656K, committed 768K, reserved 1048576K
GC Heap History (10 events):
Event: 29.703 GC heap after
Heap after GC invocations=16 (full 3):
 PSYoungGen      total 626176K, used 102622K [0x000000076ab00000, 0x00000007a8280000, 0x00000007c0000000)
  eden space 479232K, 0% used [0x000000076ab00000,0x000000076ab00000,0x0000000787f00000)
  from space 146944K, 69% used [0x0000000787f00000,0x000000078e337ab8,0x0000000790e80000)
  to   space 187392K, 0% used [0x000000079cb80000,0x000000079cb80000,0x00000007a8280000)
 ParOldGen       total 454144K, used 291740K [0x00000006c0000000, 0x00000006dbb80000, 0x000000076ab00000)
  object space 454144K, 64% used [0x00000006c0000000,0x00000006d1ce72e8,0x00000006dbb80000)
 Metaspace       used 6757K, capacity 7384K, committed 7680K, reserved 1056768K
  class space    used 634K, capacity 656K, committed 768K, reserved 1048576K
}
Event: 32.457 GC heap before
{Heap before GC invocations=17 (full 3):
 PSYoungGen      total 626176K, used 581854K [0x000000076ab00000, 0x00000007a8280000, 0x00000007c0000000)
  eden space 479232K, 100% used [0x000000076ab00000,0x0000000787f00000,0x0000000787f00000)
  from space 146944K, 69% used [0x0000000787f00000,0x000000078e337ab8,0x0000000790e80000)
  to   space 187392K, 0% used [0x000000079cb80000,0x000000079cb80000,0x00000007a8280000)
 ParOldGen       total 454144K, used 291740K [0x00000006c0000000, 0x00000006dbb80000, 0x000000076ab00000)
  object space 454144K, 64% used [0x00000006c0000000,0x00000006d1ce72e8,0x00000006dbb80000)
 Metaspace       used 6761K, capacity 7384K, committed 7680K, reserved 1056768K
  class space    used 634K, capacity 656K, committed 768K, reserved 1048576K
Event: 33.090 GC heap after
Heap after GC invocations=17 (full 3):
 PSYoungGen      total 802816K, used 132967K [0x000000076ab00000, 0x00000007a8b00000, 0x00000007c0000000)
  eden space 615424K, 0% used [0x000000076ab00000,0x000000076ab00000,0x0000000790400000)
  from space 187392K, 70% used [0x000000079cb80000,0x00000007a4d59e98,0x00000007a8280000)
  to   space 200192K, 0% used [0x0000000790400000,0x0000000790400000,0x000000079c780000)
 ParOldGen       total 454144K, used 342573K [0x00000006c0000000, 0x00000006dbb80000, 0x000000076ab00000)
  object space 454144K, 75% used [0x00000006c0000000,0x00000006d4e8b658,0x00000006dbb80000)
 Metaspace       used 6761K, capacity 7384K, committed 7680K, reserved 1056768K
  class space    used 634K, capacity 656K, committed 768K, reserved 1048576K
}
Event: 37.442 GC heap before
{Heap before GC invocations=18 (full 3):
 PSYoungGen      total 802816K, used 748391K [0x000000076ab00000, 0x00000007a8b00000, 0x00000007c0000000)
  eden space 615424K, 100% used [0x000000076ab00000,0x0000000790400000,0x0000000790400000)
  from space 187392K, 70% used [0x000000079cb80000,0x00000007a4d59e98,0x00000007a8280000)
  to   space 200192K, 0% used [0x0000000790400000,0x0000000790400000,0x000000079c780000)
 ParOldGen       total 454144K, used 342573K [0x00000006c0000000, 0x00000006dbb80000, 0x000000076ab00000)
  object space 454144K, 75% used [0x00000006c0000000,0x00000006d4e8b658,0x00000006dbb80000)
 Metaspace       used 6761K, capacity 7384K, committed 7680K, reserved 1056768K
  class space    used 634K, capacity 656K, committed 768K, reserved 1048576K
Event: 38.293 GC heap after
Heap after GC invocations=18 (full 3):
 PSYoungGen      total 815616K, used 200176K [0x000000076ab00000, 0x00000007b8d00000, 0x00000007c0000000)
  eden space 615424K, 0% used [0x000000076ab00000,0x000000076ab00000,0x0000000790400000)
  from space 200192K, 99% used [0x0000000790400000,0x000000079c77c3f0,0x000000079c780000)
  to   space 244224K, 0% used [0x00000007a9e80000,0x00000007a9e80000,0x00000007b8d00000)
 ParOldGen       total 454144K, used 368604K [0x00000006c0000000, 0x00000006dbb80000, 0x000000076ab00000)
  object space 454144K, 81% used [0x00000006c0000000,0x00000006d67f72d0,0x00000006dbb80000)
 Metaspace       used 6761K, capacity 7384K, committed 7680K, reserved 1056768K
  class space    used 634K, capacity 656K, committed 768K, reserved 1048576K
}
Event: 43.581 GC heap before
{Heap before GC invocations=19 (full 3):
 PSYoungGen      total 815616K, used 815600K [0x000000076ab00000, 0x00000007b8d00000, 0x00000007c0000000)
  eden space 615424K, 100% used [0x000000076ab00000,0x0000000790400000,0x0000000790400000)
  from space 200192K, 99% used [0x0000000790400000,0x000000079c77c3f0,0x000000079c780000)
  to   space 244224K, 0% used [0x00000007a9e80000,0x00000007a9e80000,0x00000007b8d00000)
 ParOldGen       total 454144K, used 368604K [0x00000006c0000000, 0x00000006dbb80000, 0x000000076ab00000)
  object space 454144K, 81% used [0x00000006c0000000,0x00000006d67f72d0,0x00000006dbb80000)
 Metaspace       used 6769K, capacity 7384K, committed 7680K, reserved 1056768K
  class space    used 634K, capacity 656K, committed 768K, reserved 1048576K
Event: 44.988 GC heap after
Heap after GC invocations=19 (full 3):
 PSYoungGen      total 815616K, used 815600K [0x000000076ab00000, 0x00000007b8d00000, 0x00000007c0000000)
  eden space 615424K, 100% used [0x000000076ab00000,0x0000000790400000,0x0000000790400000)
  from space 200192K, 99% used [0x0000000790400000,0x000000079c77c3f0,0x000000079c780000)
  to   space 244224K, 74% used [0x00000007a9e80000,0x00000007b4f4bcf8,0x00000007b8d00000)
 ParOldGen       total 474624K, used 474601K [0x00000006c0000000, 0x00000006dcf80000, 0x000000076ab00000)
  object space 474624K, 99% used [0x00000006c0000000,0x00000006dcf7a440,0x00000006dcf80000)
 Metaspace       used 6769K, capacity 7384K, committed 7680K, reserved 1056768K
  class space    used 634K, capacity 656K, committed 768K, reserved 1048576K
}
Event: 44.988 GC heap before
{Heap before GC invocations=20 (full 4):
 PSYoungGen      total 815616K, used 815600K [0x000000076ab00000, 0x00000007b8d00000, 0x00000007c0000000)
  eden space 615424K, 100% used [0x000000076ab00000,0x0000000790400000,0x0000000790400000)
  from space 200192K, 99% used [0x0000000790400000,0x000000079c77c3f0,0x000000079c780000)
  to   space 244224K, 74% used [0x00000007a9e80000,0x00000007b4f4bcf8,0x00000007b8d00000)
 ParOldGen       total 474624K, used 474601K [0x00000006c0000000, 0x00000006dcf80000, 0x000000076ab00000)
  object space 474624K, 99% used [0x00000006c0000000,0x00000006dcf7a440,0x00000006dcf80000)
 Metaspace       used 6769K, capacity 7384K, committed 7680K, reserved 1056768K
  class space    used 634K, capacity 656K, committed 768K, reserved 1048576K
Event: 49.140 GC heap after
Heap after GC invocations=20 (full 4):
 PSYoungGen      total 815616K, used 0K [0x000000076ab00000, 0x00000007b8d00000, 0x00000007c0000000)
  eden space 615424K, 0% used [0x000000076ab00000,0x000000076ab00000,0x0000000790400000)
  from space 200192K, 0% used [0x0000000790400000,0x0000000790400000,0x000000079c780000)
  to   space 244224K, 71% used [0x00000007a9e80000,0x00000007b49caaa8,0x00000007b8d00000)
 ParOldGen       total 676352K, used 474116K [0x00000006c0000000, 0x00000006e9480000, 0x000000076ab00000)
  object space 676352K, 70% used [0x00000006c0000000,0x00000006dcf01290,0x00000006e9480000)
 Metaspace       used 6769K, capacity 7384K, committed 7680K, reserved 1056768K
  class space    used 634K, capacity 656K, committed 768K, reserved 1048576K
}
Event: 52.137 GC heap before
{Heap before GC invocations=21 (full 5):
 PSYoungGen      total 815616K, used 615424K [0x000000076ab00000, 0x00000007b8d00000, 0x00000007c0000000)
  eden space 615424K, 100% used [0x000000076ab00000,0x0000000790400000,0x0000000790400000)
  from space 200192K, 0% used [0x0000000790400000,0x0000000790400000,0x000000079c780000)
  to   space 244224K, 71% used [0x00000007a9e80000,0x00000007b49caaa8,0x00000007b8d00000)
 ParOldGen       total 676352K, used 474116K [0x00000006c0000000, 0x00000006e9480000, 0x000000076ab00000)
  object space 676352K, 70% used [0x00000006c0000000,0x00000006dcf01290,0x00000006e9480000)
 Metaspace       used 6875K, capacity 7448K, committed 7680K, reserved 1056768K
  class space    used 640K, capacity 656K, committed 768K, reserved 1048576K

